<?xml version="1.0" encoding="UTF-8"?>
<!-- Generated by org.testng.reporters.JUnitXMLReporter -->
<testsuite ignored="0" hostname="Dipak" failures="1" tests="11" name="Free crm App test case" time="452.493" errors="0" timestamp="2024-02-11T11:37:42 IST">
  <testcase classname="com.entrata.qa.testcase.EntrataDashboardTest" name="pagetitleTest" time="0.207"/>
  <testcase classname="com.entrata.qa.testcase.EntrataDashboardTest" name="entratalogoTest" time="0.362"/>
  <testcase classname="com.entrata.qa.testcase.EntrataDashboardTest" name="watchdemoTest" time="6.604"/>
  <testcase classname="com.entrata.qa.testcase.EntrataDashboardTest" name="ClickSigninTest" time="3.287"/>
  <testcase classname="com.entrata.qa.testcase.EntrataDashboardTest" name="ClickProductTest" time="0.25"/>
  <testcase classname="com.entrata.qa.testcase.EntrataDashboardTest" name="ClickSolutionallTest" time="0.475"/>
  <testcase classname="com.entrata.qa.testcase.EntrataDashboardTest" name="ClickResourceTest" time="0.478"/>
  <testcase classname="com.entrata.qa.testcase.ResourcepageTest" name="DownloadBtnTest" time="16.594"/>
  <testcase classname="com.entrata.qa.testcase.ResourcepageTest" name="verifyText" time="1.053"/>
  <testcase classname="com.entrata.qa.testcase.WatchdemoTest" name="EntrataLogoTest" time="3.868"/>
  <testcase classname="com.entrata.qa.testcase.WatchdemoTest" name="WatchdemodetailTest" time="31.823">
    <failure type="org.openqa.selenium.NoSuchElementException" message="Cannot locate option with value: 1-10
For documentation on this error, please visit: https://www.selenium.dev/documentation/webdriver/troubleshooting/errors#no-such-element-exception
Build info: version: &amp;apos;4.16.1&amp;apos;, revision: &amp;apos;9b4c83354e&amp;apos;
System info: os.name: &amp;apos;Windows 8.1&amp;apos;, os.arch: &amp;apos;amd64&amp;apos;, os.version: &amp;apos;6.3&amp;apos;, java.version: &amp;apos;17.0.9&amp;apos;
Driver info: driver.version: unknown">
      <![CDATA[org.openqa.selenium.NoSuchElementException: Cannot locate option with value: 1-10
For documentation on this error, please visit: https://www.selenium.dev/documentation/webdriver/troubleshooting/errors#no-such-element-exception
Build info: version: '4.16.1', revision: '9b4c83354e'
System info: os.name: 'Windows 8.1', os.arch: 'amd64', os.version: '6.3', java.version: '17.0.9'
Driver info: driver.version: unknown
at org.openqa.selenium.support.ui.Select.findOptionsByValue(Select.java:289)
at org.openqa.selenium.support.ui.Select.selectByValue(Select.java:194)
at com.entrata.qa.pageObjects.WatchDemoPage.watchdemodetailPage(WatchDemoPage.java:60)
at com.entrata.qa.testcase.WatchdemoTest.WatchdemodetailTest(WatchdemoTest.java:43)
at java.base/java.util.ArrayList.forEach(ArrayList.java:1511)
... Removed 27 stack frames]]>
    </failure>
  </testcase> <!-- WatchdemodetailTest -->
</testsuite> <!-- Free crm App test case -->
